{"Z:\\Repositorios\\ApiRest\\Parcial3\\Jest\\modulo.js": {"path":"Z:\\Repositorios\\ApiRest\\Parcial3\\Jest\\modulo.js","statementMap":{"0":{"start":{"line":2,"column":4},"end":{"line":2,"column":21}},"1":{"start":{"line":4,"column":0},"end":{"line":4,"column":23}}},"fnMap":{"0":{"name":"multi","decl":{"start":{"line":1,"column":9},"end":{"line":1,"column":14}},"loc":{"start":{"line":1,"column":24},"end":{"line":3,"column":3}},"line":1}},"branchMap":{},"s":{"0":1,"1":1},"f":{"0":1},"b":{},"_coverageSchema":"1a1c01bbd47fc00a2c39e90264f33305004495a9","hash":"9f236aa5eec50415c08dcaa338f1b2a899b22e17"}
}
