{"Z:\\Repositorios\\ApiRest\\Parcial3\\JestRevamp\\modulo.js": {"path":"Z:\\Repositorios\\ApiRest\\Parcial3\\JestRevamp\\modulo.js","statementMap":{"0":{"start":{"line":2,"column":4},"end":{"line":2,"column":21}},"1":{"start":{"line":6,"column":4},"end":{"line":6,"column":41}},"2":{"start":{"line":8,"column":0},"end":{"line":8,"column":33}},"3":{"start":{"line":10,"column":0},"end":{"line":10,"column":29}}},"fnMap":{"0":{"name":"multi","decl":{"start":{"line":1,"column":9},"end":{"line":1,"column":14}},"loc":{"start":{"line":1,"column":24},"end":{"line":3,"column":3}},"line":1},"1":{"name":"Random6","decl":{"start":{"line":5,"column":9},"end":{"line":5,"column":16}},"loc":{"start":{"line":5,"column":26},"end":{"line":7,"column":3}},"line":5}},"branchMap":{},"s":{"0":1,"1":0,"2":1,"3":1},"f":{"0":1,"1":0},"b":{},"_coverageSchema":"1a1c01bbd47fc00a2c39e90264f33305004495a9","hash":"665fb4029d106216dbeb53c32f5374cf970fc1d8"}
}
